<?xml version="1.0" encoding="UTF-8"?>
<!-- Generated by org.testng.reporters.JUnitReportReporter -->
<testsuite hostname="ojt30-PC" name="DriverFactory.ERP_DataDriven2" tests="1" failures="0" timestamp="18 Nov 2019 07:49:34 GMT" time="11.738" errors="0">
  <testcase name="launchapp" time="11.738" classname="DriverFactory.ERP_DataDriven2"/>
</testsuite> <!-- DriverFactory.ERP_DataDriven2 -->
