<?xml version="1.0" encoding="UTF-8"?>
<!-- Generated by org.testng.reporters.JUnitReportReporter -->
<testsuite hostname="ojt30-PC" name="DriverFactory.ERP_DataDriven" tests="1" failures="0" timestamp="21 Nov 2019 07:59:37 GMT" time="68.913" errors="0">
  <testcase name="verify_supplier" time="68.913" classname="DriverFactory.ERP_DataDriven"/>
</testsuite> <!-- DriverFactory.ERP_DataDriven -->
